<?xml version="1.0" encoding="UTF-8"?>
<testsuite xmlns:xsi="http://www.w3.org/2001/XMLSchema-instance" xsi:noNamespaceSchemaLocation="https://maven.apache.org/surefire/maven-surefire-plugin/xsd/surefire-test-report-3.0.xsd" version="3.0" name="org.egov.wf.service.EnrichmentServiceTest" time="0.186" tests="75" errors="0" skipped="0" failures="0">
  <properties>
[...]
</properties>
  <testcase name="testEnrichUsersFromSearchWithUsersItem" classname="org.egov.wf.service.EnrichmentServiceTest" time="0.001">
    <system-out><![CDATA[19:01:15.391 [main] WARN org.springframework.boot.test.json.DuplicateJsonObjectContextCustomizerFactory$DuplicateJsonObjectContextCustomizer -- 

Found multiple occurrences of org.json.JSONObject on the class path:

	jar:file:/Users/arindamgupta/.m2/repository/com/vaadin/external/google/android-json/0.0.20131108.vaadin1/android-json-0.0.20131108.vaadin1.jar!/org/json/JSONObject.class
	jar:file:/Users/arindamgupta/.m2/repository/org/json/json/20160810/json-20160810.jar!/org/json/JSONObject.class

You may wish to exclude one of them to ensure predictable runtime behavior

]]></system-out>
  </testcase>
  <testcase name="testEnrichCreateBusinessServiceWithList" classname="org.egov.wf.service.EnrichmentServiceTest" time="0.001"/>
  <testcase name="testEnrichCreateBusinessServiceWithNull" classname="org.egov.wf.service.EnrichmentServiceTest" time="0.001"/>
  <testcase name="testEnrichCreateBusinessServiceWithSave" classname="org.egov.wf.service.EnrichmentServiceTest" time="0.001"/>
  <testcase name="testEnrichTenantIdForStateLevelWithBusinessList" classname="org.egov.wf.service.EnrichmentServiceTest" time="0.0"/>
  <testcase name="TestEnrichNextActionForSearchWithUser" classname="org.egov.wf.service.EnrichmentServiceTest" time="0.001"/>
  <testcase name="testEnrichUsersWithCodeError" classname="org.egov.wf.service.EnrichmentServiceTest" time="0.002"/>
  <testcase name="testEnrichNextActionForSearchWithEmpty" classname="org.egov.wf.service.EnrichmentServiceTest" time="0.0"/>
  <testcase name="testEnrichNextActionForSearchWithFalse" classname="org.egov.wf.service.EnrichmentServiceTest" time="0.002"/>
  <testcase name="testEnrichProcessRequestReturnAuditDetails" classname="org.egov.wf.service.EnrichmentServiceTest" time="0.015"/>
  <testcase name="testEnrichTenantIdForStateLevel" classname="org.egov.wf.service.EnrichmentServiceTest" time="0.001"/>
  <testcase name="testFetchStatesToIgnoreFromMdms" classname="org.egov.wf.service.EnrichmentServiceTest" time="0.001"/>
  <testcase name="testEnrichNextActionForSearch15" classname="org.egov.wf.service.EnrichmentServiceTest" time="0.001"/>
  <testcase name="testEnrichUsersFromSearchAddNull" classname="org.egov.wf.service.EnrichmentServiceTest" time="0.0"/>
  <testcase name="testEnrichUpdateBusinessServiceGetAuditDetails" classname="org.egov.wf.service.EnrichmentServiceTest" time="0.001"/>
  <testcase name="testEnrichProcessRequests" classname="org.egov.wf.service.EnrichmentServiceTest" time="0.003"/>
  <testcase name="testEnrichUuidsOfAutoEscalationEmployeesWithStringList" classname="org.egov.wf.service.EnrichmentServiceTest" time="0.001"/>
  <testcase name="TestEnrichUpdateBusinessService" classname="org.egov.wf.service.EnrichmentServiceTest" time="0.001"/>
  <testcase name="testEnrichProcessRequestWithRequestInfoList" classname="org.egov.wf.service.EnrichmentServiceTest" time="0.001"/>
  <testcase name="testEnrichTenantIdForStateLevelWithState" classname="org.egov.wf.service.EnrichmentServiceTest" time="0.016"/>
  <testcase name="testEnrichUsersWithNull" classname="org.egov.wf.service.EnrichmentServiceTest" time="0.001"/>
  <testcase name="testEnrichAndUpdateSlaForSearchWithInstanceList" classname="org.egov.wf.service.EnrichmentServiceTest" time="0.0"/>
  <testcase name="testEnrichUpdateBusinessServiceWithAuditDetails" classname="org.egov.wf.service.EnrichmentServiceTest" time="0.001"/>
  <testcase name="testEnrichProcessRequest" classname="org.egov.wf.service.EnrichmentServiceTest" time="0.001"/>
  <testcase name="testEnrichAndUpdateSlaForSearchWithList" classname="org.egov.wf.service.EnrichmentServiceTest" time="0.0"/>
  <testcase name="testEnrichAndUpdateSlaForSearchWithTime" classname="org.egov.wf.service.EnrichmentServiceTest" time="0.0"/>
  <testcase name="testEnrichAndUpdateSlaForSearchWithTrue" classname="org.egov.wf.service.EnrichmentServiceTest" time="0.0"/>
  <testcase name="testEnrichUpdateBusinessServiceWithBusinessServiceItemNull" classname="org.egov.wf.service.EnrichmentServiceTest" time="0.0"/>
  <testcase name="testEnrichUsersWithProcessInstance" classname="org.egov.wf.service.EnrichmentServiceTest" time="0.002"/>
  <testcase name="testEnrichCreateBusinessServiceWithAuditList" classname="org.egov.wf.service.EnrichmentServiceTest" time="0.001"/>
  <testcase name="testEnrichUpdateBusinessService3" classname="org.egov.wf.service.EnrichmentServiceTest" time="0.001"/>
  <testcase name="testEnrichNextActionForSearchWIthUserInfo" classname="org.egov.wf.service.EnrichmentServiceTest" time="0.0"/>
  <testcase name="testEnrichUsersFromSearchWithNullItem" classname="org.egov.wf.service.EnrichmentServiceTest" time="0.0"/>
  <testcase name="testEnrichNextActionForSearchWithNull" classname="org.egov.wf.service.EnrichmentServiceTest" time="0.001"/>
  <testcase name="testEnrichNextActionForSearchWithTrue" classname="org.egov.wf.service.EnrichmentServiceTest" time="0.001"/>
  <testcase name="testEnrichNextActionForSearchWithUser" classname="org.egov.wf.service.EnrichmentServiceTest" time="0.0"/>
  <testcase name="testEnrichCreateBusinessService" classname="org.egov.wf.service.EnrichmentServiceTest" time="0.0"/>
  <testcase name="testEnrichNextActionForSearchWithTrueUser" classname="org.egov.wf.service.EnrichmentServiceTest" time="0.001"/>
  <testcase name="testEnrichTenantIdForStateLevelStateList" classname="org.egov.wf.service.EnrichmentServiceTest" time="0.001"/>
  <testcase name="testEnrichAndUpdateSlaForSearch" classname="org.egov.wf.service.EnrichmentServiceTest" time="0.0"/>
  <testcase name="testEnrichUsersFromSearchMapUser" classname="org.egov.wf.service.EnrichmentServiceTest" time="0.0"/>
  <testcase name="testEnrichNextActionForSearchWithProcessInstance" classname="org.egov.wf.service.EnrichmentServiceTest" time="0.001"/>
  <testcase name="testEnrichAndUpdateSlaForSearchAddProcessInstance" classname="org.egov.wf.service.EnrichmentServiceTest" time="0.0"/>
  <testcase name="TestEnrichUsers" classname="org.egov.wf.service.EnrichmentServiceTest" time="0.001"/>
  <testcase name="testEnrichNextActionForSearchAddProcessInstance" classname="org.egov.wf.service.EnrichmentServiceTest" time="0.001"/>
  <testcase name="testEnrichProcessRequestWithInstance" classname="org.egov.wf.service.EnrichmentServiceTest" time="0.001"/>
  <testcase name="testEnrichUsersFromSearchWithCodeError" classname="org.egov.wf.service.EnrichmentServiceTest" time="0.0"/>
  <testcase name="EnrichProcessRequest" classname="org.egov.wf.service.EnrichmentServiceTest" time="0.0"/>
  <testcase name="testEnrichUsersFromSearchWithList" classname="org.egov.wf.service.EnrichmentServiceTest" time="0.001"/>
  <testcase name="testEnrichUsersFromSearchWithNull" classname="org.egov.wf.service.EnrichmentServiceTest" time="0.001"/>
  <testcase name="testEnrichUsersTrue" classname="org.egov.wf.service.EnrichmentServiceTest" time="0.001"/>
  <testcase name="testEnrichUsersFromSearch" classname="org.egov.wf.service.EnrichmentServiceTest" time="0.0"/>
  <testcase name="TestEnrichProcessRequest" classname="org.egov.wf.service.EnrichmentServiceTest" time="0.001"/>
  <testcase name="testEnrichUpdateBusinessService" classname="org.egov.wf.service.EnrichmentServiceTest" time="0.001"/>
  <testcase name="testEnrichNextActionForSearch" classname="org.egov.wf.service.EnrichmentServiceTest" time="0.0"/>
  <testcase name="EnrichProcessRequestwithAction" classname="org.egov.wf.service.EnrichmentServiceTest" time="0.001"/>
  <testcase name="testEnrichUpdateBusinessServiceWithUuid" classname="org.egov.wf.service.EnrichmentServiceTest" time="0.001"/>
  <testcase name="testEnrichUpdateBusinessServiceWithCodeError" classname="org.egov.wf.service.EnrichmentServiceTest" time="0.0"/>
  <testcase name="testEnrichUuidsOfAutoEscalationEmployeesWithAutoEscalate" classname="org.egov.wf.service.EnrichmentServiceTest" time="0.0"/>
  <testcase name="testEnrichProcessRequestWithError" classname="org.egov.wf.service.EnrichmentServiceTest" time="0.002"/>
  <testcase name="testEnrichUsers" classname="org.egov.wf.service.EnrichmentServiceTest" time="0.0"/>
  <testcase name="testEnrichProcessRequestWithProcessStateAndActionList" classname="org.egov.wf.service.EnrichmentServiceTest" time="0.001"/>
  <testcase name="testEnrichTenantIdForStateLevelWithTenantId" classname="org.egov.wf.service.EnrichmentServiceTest" time="0.0"/>
  <testcase name="testEnrichTenantIdForStateLevels" classname="org.egov.wf.service.EnrichmentServiceTest" time="0.0"/>
  <testcase name="testEnrichCreateBusinessServiceCodeWithError" classname="org.egov.wf.service.EnrichmentServiceTest" time="0.001"/>
  <testcase name="TestEnrichCreateBusinessServiceWithList" classname="org.egov.wf.service.EnrichmentServiceTest" time="0.001"/>
  <testcase name="testEnrichNextActionForSearchWithCodeNull" classname="org.egov.wf.service.EnrichmentServiceTest" time="0.001">
    <system-out><![CDATA[19:01:15.565 [main] ERROR org.egov.wf.service.EnrichmentService -- Error while creating processStateAndActions
org.egov.tracer.model.CustomException: An error occurred
	at org.egov.wf.service.TransitionService.getProcessStateAndActions(TransitionService.java:49)
	at org.egov.wf.service.EnrichmentService.enrichNextActionForSearch(EnrichmentService.java:208)
	at org.egov.wf.service.EnrichmentServiceTest.testEnrichNextActionForSearchWithCodeNull(EnrichmentServiceTest.java:862)
	at java.base/jdk.internal.reflect.DirectMethodHandleAccessor.invoke(DirectMethodHandleAccessor.java:104)
	at java.base/java.lang.reflect.Method.invoke(Method.java:578)
	at org.junit.platform.commons.util.ReflectionUtils.invokeMethod(ReflectionUtils.java:728)
	at org.junit.jupiter.engine.execution.MethodInvocation.proceed(MethodInvocation.java:60)
	at org.junit.jupiter.engine.execution.InvocationInterceptorChain$ValidatingInvocation.proceed(InvocationInterceptorChain.java:131)
	at org.junit.jupiter.engine.extension.TimeoutExtension.intercept(TimeoutExtension.java:156)
	at org.junit.jupiter.engine.extension.TimeoutExtension.interceptTestableMethod(TimeoutExtension.java:147)
	at org.junit.jupiter.engine.extension.TimeoutExtension.interceptTestMethod(TimeoutExtension.java:86)
	at org.junit.jupiter.engine.execution.InterceptingExecutableInvoker$ReflectiveInterceptorCall.lambda$ofVoidMethod$0(InterceptingExecutableInvoker.java:103)
	at org.junit.jupiter.engine.execution.InterceptingExecutableInvoker.lambda$invoke$0(InterceptingExecutableInvoker.java:93)
	at org.junit.jupiter.engine.execution.InvocationInterceptorChain$InterceptedInvocation.proceed(InvocationInterceptorChain.java:106)
	at org.junit.jupiter.engine.execution.InvocationInterceptorChain.proceed(InvocationInterceptorChain.java:64)
	at org.junit.jupiter.engine.execution.InvocationInterceptorChain.chainAndInvoke(InvocationInterceptorChain.java:45)
	at org.junit.jupiter.engine.execution.InvocationInterceptorChain.invoke(InvocationInterceptorChain.java:37)
	at org.junit.jupiter.engine.execution.InterceptingExecutableInvoker.invoke(InterceptingExecutableInvoker.java:92)
	at org.junit.jupiter.engine.execution.InterceptingExecutableInvoker.invoke(InterceptingExecutableInvoker.java:86)
	at org.junit.jupiter.engine.descriptor.TestMethodTestDescriptor.lambda$invokeTestMethod$7(TestMethodTestDescriptor.java:218)
	at org.junit.platform.engine.support.hierarchical.ThrowableCollector.execute(ThrowableCollector.java:73)
	at org.junit.jupiter.engine.descriptor.TestMethodTestDescriptor.invokeTestMethod(TestMethodTestDescriptor.java:214)
	at org.junit.jupiter.engine.descriptor.TestMethodTestDescriptor.execute(TestMethodTestDescriptor.java:139)
	at org.junit.jupiter.engine.descriptor.TestMethodTestDescriptor.execute(TestMethodTestDescriptor.java:69)
	at org.junit.platform.engine.support.hierarchical.NodeTestTask.lambda$executeRecursively$6(NodeTestTask.java:151)
	at org.junit.platform.engine.support.hierarchical.ThrowableCollector.execute(ThrowableCollector.java:73)
	at org.junit.platform.engine.support.hierarchical.NodeTestTask.lambda$executeRecursively$8(NodeTestTask.java:141)
	at org.junit.platform.engine.support.hierarchical.Node.around(Node.java:137)
	at org.junit.platform.engine.support.hierarchical.NodeTestTask.lambda$executeRecursively$9(NodeTestTask.java:139)
	at org.junit.platform.engine.support.hierarchical.ThrowableCollector.execute(ThrowableCollector.java:73)
	at org.junit.platform.engine.support.hierarchical.NodeTestTask.executeRecursively(NodeTestTask.java:138)
	at org.junit.platform.engine.support.hierarchical.NodeTestTask.execute(NodeTestTask.java:95)
	at java.base/java.util.ArrayList.forEach(ArrayList.java:1511)
	at org.junit.platform.engine.support.hierarchical.SameThreadHierarchicalTestExecutorService.invokeAll(SameThreadHierarchicalTestExecutorService.java:41)
	at org.junit.platform.engine.support.hierarchical.NodeTestTask.lambda$executeRecursively$6(NodeTestTask.java:155)
	at org.junit.platform.engine.support.hierarchical.ThrowableCollector.execute(ThrowableCollector.java:73)
	at org.junit.platform.engine.support.hierarchical.NodeTestTask.lambda$executeRecursively$8(NodeTestTask.java:141)
	at org.junit.platform.engine.support.hierarchical.Node.around(Node.java:137)
	at org.junit.platform.engine.support.hierarchical.NodeTestTask.lambda$executeRecursively$9(NodeTestTask.java:139)
	at org.junit.platform.engine.support.hierarchical.ThrowableCollector.execute(ThrowableCollector.java:73)
	at org.junit.platform.engine.support.hierarchical.NodeTestTask.executeRecursively(NodeTestTask.java:138)
	at org.junit.platform.engine.support.hierarchical.NodeTestTask.execute(NodeTestTask.java:95)
	at java.base/java.util.ArrayList.forEach(ArrayList.java:1511)
	at org.junit.platform.engine.support.hierarchical.SameThreadHierarchicalTestExecutorService.invokeAll(SameThreadHierarchicalTestExecutorService.java:41)
	at org.junit.platform.engine.support.hierarchical.NodeTestTask.lambda$executeRecursively$6(NodeTestTask.java:155)
	at org.junit.platform.engine.support.hierarchical.ThrowableCollector.execute(ThrowableCollector.java:73)
	at org.junit.platform.engine.support.hierarchical.NodeTestTask.lambda$executeRecursively$8(NodeTestTask.java:141)
	at org.junit.platform.engine.support.hierarchical.Node.around(Node.java:137)
	at org.junit.platform.engine.support.hierarchical.NodeTestTask.lambda$executeRecursively$9(NodeTestTask.java:139)
	at org.junit.platform.engine.support.hierarchical.ThrowableCollector.execute(ThrowableCollector.java:73)
	at org.junit.platform.engine.support.hierarchical.NodeTestTask.executeRecursively(NodeTestTask.java:138)
	at org.junit.platform.engine.support.hierarchical.NodeTestTask.execute(NodeTestTask.java:95)
	at org.junit.platform.engine.support.hierarchical.SameThreadHierarchicalTestExecutorService.submit(SameThreadHierarchicalTestExecutorService.java:35)
	at org.junit.platform.engine.support.hierarchical.HierarchicalTestExecutor.execute(HierarchicalTestExecutor.java:57)
	at org.junit.platform.engine.support.hierarchical.HierarchicalTestEngine.execute(HierarchicalTestEngine.java:54)
	at org.junit.platform.launcher.core.EngineExecutionOrchestrator.execute(EngineExecutionOrchestrator.java:198)
	at org.junit.platform.launcher.core.EngineExecutionOrchestrator.execute(EngineExecutionOrchestrator.java:169)
	at org.junit.platform.launcher.core.EngineExecutionOrchestrator.execute(EngineExecutionOrchestrator.java:93)
	at org.junit.platform.launcher.core.EngineExecutionOrchestrator.lambda$execute$0(EngineExecutionOrchestrator.java:58)
	at org.junit.platform.launcher.core.EngineExecutionOrchestrator.withInterceptedStreams(EngineExecutionOrchestrator.java:141)
	at org.junit.platform.launcher.core.EngineExecutionOrchestrator.execute(EngineExecutionOrchestrator.java:57)
	at org.junit.platform.launcher.core.DefaultLauncher.execute(DefaultLauncher.java:103)
	at org.junit.platform.launcher.core.DefaultLauncher.execute(DefaultLauncher.java:85)
	at org.junit.platform.launcher.core.DelegatingLauncher.execute(DelegatingLauncher.java:47)
	at org.apache.maven.surefire.junitplatform.LazyLauncher.execute(LazyLauncher.java:56)
	at org.apache.maven.surefire.junitplatform.JUnitPlatformProvider.execute(JUnitPlatformProvider.java:184)
	at org.apache.maven.surefire.junitplatform.JUnitPlatformProvider.invokeAllTests(JUnitPlatformProvider.java:148)
	at org.apache.maven.surefire.junitplatform.JUnitPlatformProvider.invoke(JUnitPlatformProvider.java:122)
	at org.apache.maven.surefire.booter.ForkedBooter.runSuitesInProcess(ForkedBooter.java:385)
	at org.apache.maven.surefire.booter.ForkedBooter.execute(ForkedBooter.java:162)
	at org.apache.maven.surefire.booter.ForkedBooter.run(ForkedBooter.java:507)
	at org.apache.maven.surefire.booter.ForkedBooter.main(ForkedBooter.java:495)
]]></system-out>
  </testcase>
  <testcase name="testEnrichUserWIthNull" classname="org.egov.wf.service.EnrichmentServiceTest" time="0.001"/>
  <testcase name="testEnrichTenantIdForStateLevelWithAddState" classname="org.egov.wf.service.EnrichmentServiceTest" time="0.001"/>
  <testcase name="TestEnrichCreateBusinessService" classname="org.egov.wf.service.EnrichmentServiceTest" time="0.001"/>
  <testcase name="testEnrichUuidsOfAutoEscalationEmployees" classname="org.egov.wf.service.EnrichmentServiceTest" time="0.0"/>
  <testcase name="testEnrichTenantIdForStateLevelWithStates" classname="org.egov.wf.service.EnrichmentServiceTest" time="0.0"/>
  <testcase name="TestEnrichAndUpdateSlaForSearch" classname="org.egov.wf.service.EnrichmentServiceTest" time="0.0"/>
  <testcase name="testEnrichNextActionForSearchWithStateAction" classname="org.egov.wf.service.EnrichmentServiceTest" time="0.001"/>
  <testcase name="testEnrichProcessRequestWithInvalidUuid" classname="org.egov.wf.service.EnrichmentServiceTest" time="0.002"/>
</testsuite>