<?xml version="1.0" encoding="UTF-8"?>
<testsuite xmlns:xsi="http://www.w3.org/2001/XMLSchema-instance" xsi:noNamespaceSchemaLocation="https://maven.apache.org/surefire/maven-surefire-plugin/xsd/surefire-test-report-3.0.xsd" version="3.0" name="org.egov.wf.repository.querybuilder.WorkflowQueryBuilderTest" time="0.383" tests="97" errors="0" skipped="0" failures="0">
  <properties>
[...]
</properties>
  <testcase name="testGetInboxCount10" classname="org.egov.wf.repository.querybuilder.WorkflowQueryBuilderTest" time="0.075"/>
  <testcase name="testGetAutoEscalatedApplicationsFinalQuery11" classname="org.egov.wf.repository.querybuilder.WorkflowQueryBuilderTest" time="0.045"/>
  <testcase name="testGetAutoEscalatedApplicationsFinalQuery12" classname="org.egov.wf.repository.querybuilder.WorkflowQueryBuilderTest" time="0.006"/>
  <testcase name="testGetAutoEscalatedApplicationsFinalQuery14" classname="org.egov.wf.repository.querybuilder.WorkflowQueryBuilderTest" time="0.004"/>
  <testcase name="testGetAutoEscalatedApplicationsFinalQuery15" classname="org.egov.wf.repository.querybuilder.WorkflowQueryBuilderTest" time="0.004"/>
  <testcase name="testGetAutoEscalatedApplicationsFinalQuery16" classname="org.egov.wf.repository.querybuilder.WorkflowQueryBuilderTest" time="0.004"/>
  <testcase name="testGetAutoEscalatedApplicationsFinalQuery17" classname="org.egov.wf.repository.querybuilder.WorkflowQueryBuilderTest" time="0.004"/>
  <testcase name="testGetAutoEscalatedApplicationsFinalQuery18" classname="org.egov.wf.repository.querybuilder.WorkflowQueryBuilderTest" time="0.003"/>
  <testcase name="testGetEscalatedApplicationsCount3" classname="org.egov.wf.repository.querybuilder.WorkflowQueryBuilderTest" time="0.0"/>
  <testcase name="testGetEscalatedApplicationsCount5" classname="org.egov.wf.repository.querybuilder.WorkflowQueryBuilderTest" time="0.001"/>
  <testcase name="testGetEscalatedApplicationsCount6" classname="org.egov.wf.repository.querybuilder.WorkflowQueryBuilderTest" time="0.001"/>
  <testcase name="testGetEscalatedApplicationsCount8" classname="org.egov.wf.repository.querybuilder.WorkflowQueryBuilderTest" time="0.004"/>
  <testcase name="testGetEscalatedApplicationsCount9" classname="org.egov.wf.repository.querybuilder.WorkflowQueryBuilderTest" time="0.004"/>
  <testcase name="testGetInboxCount2" classname="org.egov.wf.repository.querybuilder.WorkflowQueryBuilderTest" time="0.03"/>
  <testcase name="testGetInboxCount3" classname="org.egov.wf.repository.querybuilder.WorkflowQueryBuilderTest" time="0.004"/>
  <testcase name="testGetInboxCount4" classname="org.egov.wf.repository.querybuilder.WorkflowQueryBuilderTest" time="0.003"/>
  <testcase name="testGetInboxCount5" classname="org.egov.wf.repository.querybuilder.WorkflowQueryBuilderTest" time="0.003"/>
  <testcase name="testGetInboxCount6" classname="org.egov.wf.repository.querybuilder.WorkflowQueryBuilderTest" time="0.003"/>
  <testcase name="testGetInboxCount7" classname="org.egov.wf.repository.querybuilder.WorkflowQueryBuilderTest" time="0.003"/>
  <testcase name="testGetAutoEscalatedApplicationsFinalQuery3" classname="org.egov.wf.repository.querybuilder.WorkflowQueryBuilderTest" time="0.001"/>
  <testcase name="testGetAutoEscalatedApplicationsFinalQuery5" classname="org.egov.wf.repository.querybuilder.WorkflowQueryBuilderTest" time="0.001"/>
  <testcase name="testGetAutoEscalatedApplicationsFinalQuery6" classname="org.egov.wf.repository.querybuilder.WorkflowQueryBuilderTest" time="0.0"/>
  <testcase name="testGetAutoEscalatedApplicationsFinalQuery8" classname="org.egov.wf.repository.querybuilder.WorkflowQueryBuilderTest" time="0.003"/>
  <testcase name="testGetAutoEscalatedApplicationsFinalQuery9" classname="org.egov.wf.repository.querybuilder.WorkflowQueryBuilderTest" time="0.003"/>
  <testcase name="testGetProcessInstanceCount" classname="org.egov.wf.repository.querybuilder.WorkflowQueryBuilderTest" time="0.001"/>
  <testcase name="testGetProcessInstanceIds10" classname="org.egov.wf.repository.querybuilder.WorkflowQueryBuilderTest" time="0.004"/>
  <testcase name="testGetProcessInstanceIds11" classname="org.egov.wf.repository.querybuilder.WorkflowQueryBuilderTest" time="0.004"/>
  <testcase name="testGetProcessInstanceIds12" classname="org.egov.wf.repository.querybuilder.WorkflowQueryBuilderTest" time="0.004"/>
  <testcase name="testGetProcessInstanceIds13" classname="org.egov.wf.repository.querybuilder.WorkflowQueryBuilderTest" time="0.003"/>
  <testcase name="testGetProcessInstanceIds14" classname="org.egov.wf.repository.querybuilder.WorkflowQueryBuilderTest" time="0.004"/>
  <testcase name="testGetProcessInstanceIds15" classname="org.egov.wf.repository.querybuilder.WorkflowQueryBuilderTest" time="0.004"/>
  <testcase name="testGetProcessInstanceIds16" classname="org.egov.wf.repository.querybuilder.WorkflowQueryBuilderTest" time="0.004"/>
  <testcase name="testGetProcessInstanceIds17" classname="org.egov.wf.repository.querybuilder.WorkflowQueryBuilderTest" time="0.006"/>
  <testcase name="testGetProcessInstanceIds18" classname="org.egov.wf.repository.querybuilder.WorkflowQueryBuilderTest" time="0.004"/>
  <testcase name="testGetInboxIdCount" classname="org.egov.wf.repository.querybuilder.WorkflowQueryBuilderTest" time="0.001"/>
  <testcase name="testGetEscalatedApplicationsCount11" classname="org.egov.wf.repository.querybuilder.WorkflowQueryBuilderTest" time="0.003"/>
  <testcase name="testGetEscalatedApplicationsCount12" classname="org.egov.wf.repository.querybuilder.WorkflowQueryBuilderTest" time="0.003"/>
  <testcase name="testGetEscalatedApplicationsCount14" classname="org.egov.wf.repository.querybuilder.WorkflowQueryBuilderTest" time="0.002"/>
  <testcase name="testGetEscalatedApplicationsCount15" classname="org.egov.wf.repository.querybuilder.WorkflowQueryBuilderTest" time="0.003"/>
  <testcase name="testGetEscalatedApplicationsCount16" classname="org.egov.wf.repository.querybuilder.WorkflowQueryBuilderTest" time="0.003"/>
  <testcase name="testGetEscalatedApplicationsCount17" classname="org.egov.wf.repository.querybuilder.WorkflowQueryBuilderTest" time="0.003"/>
  <testcase name="testGetEscalatedApplicationsCount18" classname="org.egov.wf.repository.querybuilder.WorkflowQueryBuilderTest" time="0.002"/>
  <testcase name="testGetAutoEscalatedApplicationsRankedQuery" classname="org.egov.wf.repository.querybuilder.WorkflowQueryBuilderTest" time="0.0"/>
  <testcase name="testGetInboxCount" classname="org.egov.wf.repository.querybuilder.WorkflowQueryBuilderTest" time="0.0"/>
  <testcase name="testGetInboxIdCount2" classname="org.egov.wf.repository.querybuilder.WorkflowQueryBuilderTest" time="0.001"/>
  <testcase name="testGetInboxIdCount3" classname="org.egov.wf.repository.querybuilder.WorkflowQueryBuilderTest" time="0.002"/>
  <testcase name="testGetInboxIdCount4" classname="org.egov.wf.repository.querybuilder.WorkflowQueryBuilderTest" time="0.002"/>
  <testcase name="testGetInboxIdCount5" classname="org.egov.wf.repository.querybuilder.WorkflowQueryBuilderTest" time="0.003"/>
  <testcase name="testGetInboxIdCount6" classname="org.egov.wf.repository.querybuilder.WorkflowQueryBuilderTest" time="0.002"/>
  <testcase name="testGetInboxIdCount7" classname="org.egov.wf.repository.querybuilder.WorkflowQueryBuilderTest" time="0.002"/>
  <testcase name="testGetProcessInstanceSearchQueryById2" classname="org.egov.wf.repository.querybuilder.WorkflowQueryBuilderTest" time="0.001"/>
  <testcase name="testGetProcessInstanceSearchQueryById3" classname="org.egov.wf.repository.querybuilder.WorkflowQueryBuilderTest" time="0.0"/>
  <testcase name="testGetProcessInstanceSearchQueryById4" classname="org.egov.wf.repository.querybuilder.WorkflowQueryBuilderTest" time="0.0"/>
  <testcase name="testGetInboxIdQuery3" classname="org.egov.wf.repository.querybuilder.WorkflowQueryBuilderTest" time="0.0"/>
  <testcase name="testGetInboxIdQuery4" classname="org.egov.wf.repository.querybuilder.WorkflowQueryBuilderTest" time="0.0"/>
  <testcase name="testGetInboxIdQuery6" classname="org.egov.wf.repository.querybuilder.WorkflowQueryBuilderTest" time="0.003"/>
  <testcase name="testGetInboxIdQuery7" classname="org.egov.wf.repository.querybuilder.WorkflowQueryBuilderTest" time="0.003"/>
  <testcase name="testGetInboxIdQuery8" classname="org.egov.wf.repository.querybuilder.WorkflowQueryBuilderTest" time="0.003"/>
  <testcase name="testGetInboxIdQuery9" classname="org.egov.wf.repository.querybuilder.WorkflowQueryBuilderTest" time="0.002"/>
  <testcase name="testGetInboxIdQuery10" classname="org.egov.wf.repository.querybuilder.WorkflowQueryBuilderTest" time="0.002"/>
  <testcase name="testGetInboxIdQuery11" classname="org.egov.wf.repository.querybuilder.WorkflowQueryBuilderTest" time="0.003"/>
  <testcase name="testGetInboxIdQuery12" classname="org.egov.wf.repository.querybuilder.WorkflowQueryBuilderTest" time="0.003"/>
  <testcase name="testGetInboxIdQuery13" classname="org.egov.wf.repository.querybuilder.WorkflowQueryBuilderTest" time="0.003"/>
  <testcase name="testGetInboxIdQuery14" classname="org.egov.wf.repository.querybuilder.WorkflowQueryBuilderTest" time="0.002"/>
  <testcase name="testGetInboxIdQuery15" classname="org.egov.wf.repository.querybuilder.WorkflowQueryBuilderTest" time="0.003"/>
  <testcase name="testGetInboxIdQuery17" classname="org.egov.wf.repository.querybuilder.WorkflowQueryBuilderTest" time="0.002"/>
  <testcase name="testGetInboxIdQuery19" classname="org.egov.wf.repository.querybuilder.WorkflowQueryBuilderTest" time="0.003"/>
  <testcase name="testGetAutoEscalatedApplicationsRankedQuery2" classname="org.egov.wf.repository.querybuilder.WorkflowQueryBuilderTest" time="0.0"/>
  <testcase name="testGetAutoEscalatedApplicationsRankedQuery3" classname="org.egov.wf.repository.querybuilder.WorkflowQueryBuilderTest" time="0.002"/>
  <testcase name="testGetAutoEscalatedApplicationsRankedQuery4" classname="org.egov.wf.repository.querybuilder.WorkflowQueryBuilderTest" time="0.002"/>
  <testcase name="testGetAutoEscalatedApplicationsRankedQuery5" classname="org.egov.wf.repository.querybuilder.WorkflowQueryBuilderTest" time="0.002"/>
  <testcase name="testGetProcessInstanceCount2" classname="org.egov.wf.repository.querybuilder.WorkflowQueryBuilderTest" time="0.001"/>
  <testcase name="testGetProcessInstanceCount3" classname="org.egov.wf.repository.querybuilder.WorkflowQueryBuilderTest" time="0.002"/>
  <testcase name="testGetProcessInstanceCount4" classname="org.egov.wf.repository.querybuilder.WorkflowQueryBuilderTest" time="0.002"/>
  <testcase name="testGetProcessInstanceCount5" classname="org.egov.wf.repository.querybuilder.WorkflowQueryBuilderTest" time="0.002"/>
  <testcase name="testGetProcessInstanceCount6" classname="org.egov.wf.repository.querybuilder.WorkflowQueryBuilderTest" time="0.006"/>
  <testcase name="testGetProcessInstanceCount7" classname="org.egov.wf.repository.querybuilder.WorkflowQueryBuilderTest" time="0.003"/>
  <testcase name="testGetProcessInstanceCount8" classname="org.egov.wf.repository.querybuilder.WorkflowQueryBuilderTest" time="0.002"/>
  <testcase name="testGetProcessInstanceCount9" classname="org.egov.wf.repository.querybuilder.WorkflowQueryBuilderTest" time="0.002"/>
  <testcase name="testGetAutoEscalatedApplicationsBusinessIdsQuery" classname="org.egov.wf.repository.querybuilder.WorkflowQueryBuilderTest" time="0.0"/>
  <testcase name="testGetProcessInstanceIds4" classname="org.egov.wf.repository.querybuilder.WorkflowQueryBuilderTest" time="0.0"/>
  <testcase name="testGetProcessInstanceIds6" classname="org.egov.wf.repository.querybuilder.WorkflowQueryBuilderTest" time="0.002"/>
  <testcase name="testGetProcessInstanceIds7" classname="org.egov.wf.repository.querybuilder.WorkflowQueryBuilderTest" time="0.002"/>
  <testcase name="testGetProcessInstanceIds9" classname="org.egov.wf.repository.querybuilder.WorkflowQueryBuilderTest" time="0.002"/>
  <testcase name="testGetProcessInstanceIds" classname="org.egov.wf.repository.querybuilder.WorkflowQueryBuilderTest" time="0.0"/>
  <testcase name="testGetProcessInstanceSearchQueryById" classname="org.egov.wf.repository.querybuilder.WorkflowQueryBuilderTest" time="0.0"/>
  <testcase name="testGetInboxApplicationsBusinessIdsQuery" classname="org.egov.wf.repository.querybuilder.WorkflowQueryBuilderTest" time="0.001"/>
  <testcase name="testGetInboxApplicationsBusinessIdsQuery2" classname="org.egov.wf.repository.querybuilder.WorkflowQueryBuilderTest" time="0.0"/>
  <testcase name="testGetInboxApplicationsBusinessIdsQuery3" classname="org.egov.wf.repository.querybuilder.WorkflowQueryBuilderTest" time="0.002"/>
  <testcase name="testGetProcessInstanceCount10" classname="org.egov.wf.repository.querybuilder.WorkflowQueryBuilderTest" time="0.002"/>
  <testcase name="testGetProcessInstanceCount11" classname="org.egov.wf.repository.querybuilder.WorkflowQueryBuilderTest" time="0.003"/>
  <testcase name="testGetProcessInstanceCount12" classname="org.egov.wf.repository.querybuilder.WorkflowQueryBuilderTest" time="0.002"/>
  <testcase name="testGetProcessInstanceCount13" classname="org.egov.wf.repository.querybuilder.WorkflowQueryBuilderTest" time="0.002"/>
  <testcase name="testGetAutoEscalatedApplicationsBusinessIdsQuery2" classname="org.egov.wf.repository.querybuilder.WorkflowQueryBuilderTest" time="0.001"/>
  <testcase name="testGetAutoEscalatedApplicationsBusinessIdsQuery3" classname="org.egov.wf.repository.querybuilder.WorkflowQueryBuilderTest" time="0.001"/>
  <testcase name="testGetAutoEscalatedApplicationsBusinessIdsQuery4" classname="org.egov.wf.repository.querybuilder.WorkflowQueryBuilderTest" time="0.002"/>
  <testcase name="testGetAutoEscalatedApplicationsBusinessIdsQuery5" classname="org.egov.wf.repository.querybuilder.WorkflowQueryBuilderTest" time="0.002"/>
</testsuite>